<?xml version="1.0" encoding="UTF-8"?>
<!-- Generated by org.testng.reporters.JUnitReportReporter -->
<testsuite hostname="Dell-Laptop-4th-Floor-room2" failures="0" tests="5" name="com.actitime.testcase.EndToEnd" time="5.218" errors="0" timestamp="2023-07-04T11:45:45 IST" skipped="4">
  <testcase classname="com.actitime.testcase.EndToEnd" name="print" time="5.218"/>
  <system-out/>
  <testcase classname="com.actitime.testcase.EndToEnd" name="createCustomer">
    <skipped/>
  </testcase> <!-- createCustomer -->
  <system-out/>
  <testcase classname="com.actitime.testcase.EndToEnd" name="createCustomer">
    <skipped/>
  </testcase> <!-- createCustomer -->
  <system-out/>
  <testcase classname="com.actitime.testcase.EndToEnd" name="deleteCustomer">
    <skipped/>
  </testcase> <!-- deleteCustomer -->
  <system-out/>
  <testcase classname="com.actitime.testcase.EndToEnd" name="deleteCustomer">
    <skipped/>
  </testcase> <!-- deleteCustomer -->
  <system-out/>
</testsuite> <!-- com.actitime.testcase.EndToEnd -->
